Using pre-set license
Built from '2020.3/staging' branch; Version is '2020.3.26f1 (7298b473bc1a) revision 7510196'; Using compiler version '192528614'; Build Type 'Release'
OS: 'Windows 10  (10.0.19044) 64bit Enterprise' Language: 'es' Physical Memory: 32717 MB
BatchMode: 1, IsHumanControllingUs: 0, StartBugReporterOnCrash: 0, Is64bit: 1, IsPro: 0

COMMAND LINE ARGUMENTS:
C:\Program Files\Unity\Hub\Editor\2020.3.26f1\Editor\Unity.exe
-adb2
-batchMode
-noUpm
-name
AssetImportWorker0
-projectPath
C:/Users/Alejandra Ceniceros/Documents/ulsa-advance-concept-2D
-logFile
Logs/AssetImportWorker0.log
-srvPort
53560
Successfully changed project path to: C:/Users/Alejandra Ceniceros/Documents/ulsa-advance-concept-2D
C:/Users/Alejandra Ceniceros/Documents/ulsa-advance-concept-2D
Using Asset Import Pipeline V2.
Refreshing native plugins compatible for Editor in 119.90 ms, found 3 plugins.
Preloading 0 native plugins for Editor in 0.00 ms.
Initialize engine version: 2020.3.26f1 (7298b473bc1a)
[Subsystems] Discovering subsystems at path C:/Program Files/Unity/Hub/Editor/2020.3.26f1/Editor/Data/Resources/UnitySubsystems
[Subsystems] Discovering subsystems at path C:/Users/Alejandra Ceniceros/Documents/ulsa-advance-concept-2D/Assets
GfxDevice: creating device client; threaded=0
Direct3D:
    Version:  Direct3D 11.0 [level 11.1]
    Renderer: NVIDIA GeForce GTX 970M (ID=0x13d8)
    Vendor:   
    VRAM:     3029 MB
    Driver:   27.21.14.5167
Initialize mono
Mono path[0] = 'C:/Program Files/Unity/Hub/Editor/2020.3.26f1/Editor/Data/Managed'
Mono path[1] = 'C:/Program Files/Unity/Hub/Editor/2020.3.26f1/Editor/Data/MonoBleedingEdge/lib/mono/unityjit'
Mono config path = 'C:/Program Files/Unity/Hub/Editor/2020.3.26f1/Editor/Data/MonoBleedingEdge/etc'
Using monoOptions --debugger-agent=transport=dt_socket,embedding=1,server=y,suspend=n,address=127.0.0.1:56736
Begin MonoManager ReloadAssembly
Registering precompiled unity dll's ...
Register platform support module: C:/Program Files/Unity/Hub/Editor/2020.3.26f1/Editor/Data/PlaybackEngines/WebGLSupport/UnityEditor.WebGL.Extensions.dll
Register platform support module: C:/Program Files/Unity/Hub/Editor/2020.3.26f1/Editor/Data/PlaybackEngines/WindowsStandaloneSupport/UnityEditor.WindowsStandalone.Extensions.dll
Registered in 0.002877 seconds.
Native extension for WindowsStandalone target not found
Native extension for WebGL target not found
Refreshing native plugins compatible for Editor in 84.70 ms, found 3 plugins.
Preloading 0 native plugins for Editor in 0.00 ms.
Mono: successfully reloaded assembly
- Completed reload, in  0.691 seconds
Domain Reload Profiling:
	ReloadAssembly (692ms)
		BeginReloadAssembly (62ms)
			ExecutionOrderSort (0ms)
			DisableScriptedObjects (0ms)
			BackupInstance (0ms)
			ReleaseScriptingObjects (0ms)
			CreateAndSetChildDomain (1ms)
		EndReloadAssembly (544ms)
			LoadAssemblies (59ms)
			RebuildTransferFunctionScriptingTraits (0ms)
			SetupTypeCache (177ms)
			ReleaseScriptCaches (0ms)
			RebuildScriptCaches (33ms)
			SetupLoadedEditorAssemblies (222ms)
				LogAssemblyErrors (0ms)
				InitializePlatformSupportModulesInManaged (6ms)
				SetLoadedEditorAssemblies (0ms)
				RefreshPlugins (85ms)
				BeforeProcessingInitializeOnLoad (10ms)
				ProcessInitializeOnLoadAttributes (91ms)
				ProcessInitializeOnLoadMethodAttributes (30ms)
				AfterProcessingInitializeOnLoad (0ms)
				EditorAssembliesLoaded (0ms)
			ExecutionOrderSort2 (0ms)
			AwakeInstancesAfterBackupRestoration (0ms)
Platform modules already initialized, skipping
Registering precompiled user dll's ...
Registered in 0.006671 seconds.
Begin MonoManager ReloadAssembly
Native extension for WindowsStandalone target not found
Native extension for WebGL target not found
Refreshing native plugins compatible for Editor in 85.60 ms, found 3 plugins.
Preloading 0 native plugins for Editor in 0.00 ms.
Mono: successfully reloaded assembly
- Completed reload, in  1.603 seconds
Domain Reload Profiling:
	ReloadAssembly (1604ms)
		BeginReloadAssembly (167ms)
			ExecutionOrderSort (0ms)
			DisableScriptedObjects (5ms)
			BackupInstance (0ms)
			ReleaseScriptingObjects (0ms)
			CreateAndSetChildDomain (23ms)
		EndReloadAssembly (1358ms)
			LoadAssemblies (117ms)
			RebuildTransferFunctionScriptingTraits (0ms)
			SetupTypeCache (429ms)
			ReleaseScriptCaches (1ms)
			RebuildScriptCaches (97ms)
			SetupLoadedEditorAssemblies (577ms)
				LogAssemblyErrors (0ms)
				InitializePlatformSupportModulesInManaged (5ms)
				SetLoadedEditorAssemblies (0ms)
				RefreshPlugins (86ms)
				BeforeProcessingInitializeOnLoad (129ms)
				ProcessInitializeOnLoadAttributes (313ms)
				ProcessInitializeOnLoadMethodAttributes (26ms)
				AfterProcessingInitializeOnLoad (18ms)
				EditorAssembliesLoaded (0ms)
			ExecutionOrderSort2 (0ms)
			AwakeInstancesAfterBackupRestoration (7ms)
Platform modules already initialized, skipping
========================================================================
Worker process is ready to serve import requests
Launched and connected shader compiler UnityShaderCompiler.exe after 0.08 seconds
Refreshing native plugins compatible for Editor in 0.99 ms, found 3 plugins.
Preloading 0 native plugins for Editor in 0.00 ms.
Unloading 3842 Unused Serialized files (Serialized files now loaded: 0)
System memory in use before: 162.5 MB.
System memory in use after: 162.7 MB.

Unloading 34 unused Assets to reduce memory usage. Loaded Objects now: 4275.
Total: 5.508700 ms (FindLiveObjects: 0.476300 ms CreateObjectMapping: 0.457500 ms MarkObjects: 4.468800 ms  DeleteObjects: 0.104800 ms)

AssetImportParameters requested are different than current active one (requested -> active):
  custom:framework-win-MediaFoundation: 216162199b28c13a410421893ffa2e32 -> 
  custom:video-decoder-ogg-theora: a1e56fd34408186e4bbccfd4996cb3dc -> 
  custom:container-muxer-webm: aa71ff27fc2769a1b78a27578f13a17b -> 
  custom:container-demuxer-webm: 4f35f7cbe854078d1ac9338744f61a02 -> 
  custom:container-demuxer-ogg: 62fdf1f143b41e24485cea50d1cbac27 -> 
  custom:video-encoder-webm-vp8: eb34c28f22e8b96e1ab97ce403110664 -> 
  custom:video-decoder-webm-vp8: 9c59270c3fd7afecdb556c50c9e8de78 -> 
  custom:audio-decoder-ogg-vorbis: bf7c407c2cedff20999df2af8eb42d56 -> 
  custom:audio-encoder-webm-vorbis: bf7c407c2cedff20999df2af8eb42d56 -> 
========================================================================
Received Import Request.
  path: Assets
  artifactKey: Guid(00000000000000001000000000000000) Importer(815301076,1909f56bfc062723c751e8b465ee728b)
Start importing Assets using Guid(00000000000000001000000000000000) Importer(815301076,1909f56bfc062723c751e8b465ee728b)  -> (artifact id: '42d402b061de3733987d63b9cc3b64de') in 0.016708 seconds 
  Import took 0.026150 seconds .

========================================================================
Received Import Request.
  Time since last request: 24.283413 seconds.
  path: Assets/2DRender.asset
  artifactKey: Guid(117825f8685c0524a96ea7671f32af7f) Importer(815301076,1909f56bfc062723c751e8b465ee728b)
Start importing Assets/2DRender.asset using Guid(117825f8685c0524a96ea7671f32af7f) Importer(815301076,1909f56bfc062723c751e8b465ee728b)  -> (artifact id: 'bceb3a0e9b574709c70b8ccbcb1fcebe') in 0.059098 seconds 
  Import took 0.067299 seconds .

========================================================================
Received Import Request.
  Time since last request: 46.011062 seconds.
  path: Assets/Settings
  artifactKey: Guid(0735c275001a2c84dafdb30deced5d8d) Importer(815301076,1909f56bfc062723c751e8b465ee728b)
Start importing Assets/Settings using Guid(0735c275001a2c84dafdb30deced5d8d) Importer(815301076,1909f56bfc062723c751e8b465ee728b)  -> (artifact id: 'cadd7ca10b5bf32e886eec457cf073a7') in 0.008738 seconds 
  Import took 0.016445 seconds .

========================================================================
Received Import Request.
  Time since last request: 0.621653 seconds.
  path: Assets/Settings/ForwardRenderer.asset
  artifactKey: Guid(4a8e21d5c33334b11b34a596161b9360) Importer(815301076,1909f56bfc062723c751e8b465ee728b)
Start importing Assets/Settings/ForwardRenderer.asset using Guid(4a8e21d5c33334b11b34a596161b9360) Importer(815301076,1909f56bfc062723c751e8b465ee728b)  -> (artifact id: '63cf95242464b0f1307a08bc2392aaaa') in 0.025509 seconds 
  Import took 0.043433 seconds .

========================================================================
Received Import Request.
  Time since last request: 0.000440 seconds.
  path: Assets/Settings/SampleSceneProfile.asset
  artifactKey: Guid(10fc4df2da32a41aaa32d77bc913491c) Importer(815301076,1909f56bfc062723c751e8b465ee728b)
Start importing Assets/Settings/SampleSceneProfile.asset using Guid(10fc4df2da32a41aaa32d77bc913491c) Importer(815301076,1909f56bfc062723c751e8b465ee728b)  -> (artifact id: 'd2b3f476ab718b1cf20d183dd9addfe7') in 0.030833 seconds 
  Import took 0.042067 seconds .

========================================================================
Received Import Request.
  Time since last request: 0.000312 seconds.
  path: Assets/Settings/UniversalRP-LowQuality.asset
  artifactKey: Guid(a31e9f9f9c9d4b9429ed0d1234e22103) Importer(815301076,1909f56bfc062723c751e8b465ee728b)
Start importing Assets/Settings/UniversalRP-LowQuality.asset using Guid(a31e9f9f9c9d4b9429ed0d1234e22103) Importer(815301076,1909f56bfc062723c751e8b465ee728b)  -> (artifact id: 'b226a0bb157262eadf686f6bb5b5f1f8') in 0.013777 seconds 
  Import took 0.024086 seconds .

========================================================================
Received Import Request.
  Time since last request: 0.000310 seconds.
  path: Assets/Settings/UniversalRP-MediumQuality.asset
  artifactKey: Guid(d847b876476d3d6468f5dfcd34266f96) Importer(815301076,1909f56bfc062723c751e8b465ee728b)
Start importing Assets/Settings/UniversalRP-MediumQuality.asset using Guid(d847b876476d3d6468f5dfcd34266f96) Importer(815301076,1909f56bfc062723c751e8b465ee728b)  -> (artifact id: 'd421f548a6507a11f25ec3578746e9c1') in 0.013423 seconds 
  Import took 0.022063 seconds .

========================================================================
Received Import Request.
  Time since last request: 0.000211 seconds.
  path: Assets/Settings/UniversalRP-HighQuality.asset
  artifactKey: Guid(19ba41d7c0026c3459d37c2fe90c55a0) Importer(815301076,1909f56bfc062723c751e8b465ee728b)
Start importing Assets/Settings/UniversalRP-HighQuality.asset using Guid(19ba41d7c0026c3459d37c2fe90c55a0) Importer(815301076,1909f56bfc062723c751e8b465ee728b)  -> (artifact id: '02e18c1f933b70f494440bf5e7626866') in 0.009780 seconds 
  Import took 0.017105 seconds .

========================================================================
Received Prepare
Refreshing native plugins compatible for Editor in 6.12 ms, found 3 plugins.
Preloading 0 native plugins for Editor in 0.00 ms.
Unloading 20 Unused Serialized files (Serialized files now loaded: 0)
System memory in use before: 81.5 MB.
System memory in use after: 81.7 MB.

Unloading 18 unused Assets to reduce memory usage. Loaded Objects now: 4277.
Total: 6.076900 ms (FindLiveObjects: 0.464100 ms CreateObjectMapping: 0.425700 ms MarkObjects: 5.154400 ms  DeleteObjects: 0.031700 ms)

AssetImportParameters requested are different than current active one (requested -> active):
  custom:framework-win-MediaFoundation: 216162199b28c13a410421893ffa2e32 -> 
  custom:video-decoder-ogg-theora: a1e56fd34408186e4bbccfd4996cb3dc -> 
  custom:container-muxer-webm: aa71ff27fc2769a1b78a27578f13a17b -> 
  custom:container-demuxer-webm: 4f35f7cbe854078d1ac9338744f61a02 -> 
  custom:container-demuxer-ogg: 62fdf1f143b41e24485cea50d1cbac27 -> 
  custom:srp/default-shader: 0000e00a000e0de00000e000e02d0000 -> 0000e00a000e0de00000e000e0000000
  custom:video-encoder-webm-vp8: eb34c28f22e8b96e1ab97ce403110664 -> 
  custom:video-decoder-webm-vp8: 9c59270c3fd7afecdb556c50c9e8de78 -> 
  custom:audio-decoder-ogg-vorbis: bf7c407c2cedff20999df2af8eb42d56 -> 
  custom:audio-encoder-webm-vorbis: bf7c407c2cedff20999df2af8eb42d56 -> 
========================================================================
Received Import Request.
  Time since last request: 557.102889 seconds.
  path: ProjectSettings/TagManager.asset
  artifactKey: Guid(00000000000000003000000000000000) Importer(815301076,1909f56bfc062723c751e8b465ee728b)
Start importing ProjectSettings/TagManager.asset using Guid(00000000000000003000000000000000) Importer(815301076,1909f56bfc062723c751e8b465ee728b)  -> (artifact id: 'fc42e30003074059bef8fb59cba1b257') in 0.015679 seconds 
  Import took 0.023410 seconds .

========================================================================
Received Import Request.
  Time since last request: 441.146680 seconds.
  path: Assets/Settings/2DRender.asset
  artifactKey: Guid(117825f8685c0524a96ea7671f32af7f) Importer(815301076,1909f56bfc062723c751e8b465ee728b)
Start importing Assets/Settings/2DRender.asset using Guid(117825f8685c0524a96ea7671f32af7f) Importer(815301076,1909f56bfc062723c751e8b465ee728b)  -> (artifact id: 'd30ee30ab8ba8407b0600cdde34f11c0') in 0.004566 seconds 
  Import took 0.012952 seconds .

========================================================================
Received Import Request.
  Time since last request: 0.000210 seconds.
  path: Assets/Settings/UniversalRP-LowQuality.asset
  artifactKey: Guid(a31e9f9f9c9d4b9429ed0d1234e22103) Importer(815301076,1909f56bfc062723c751e8b465ee728b)
Start importing Assets/Settings/UniversalRP-LowQuality.asset using Guid(a31e9f9f9c9d4b9429ed0d1234e22103) Importer(815301076,1909f56bfc062723c751e8b465ee728b)  -> (artifact id: '7b1f79a8fc81386d7e45a931ae918209') in 0.006769 seconds 
  Import took 0.013853 seconds .

========================================================================
Received Import Request.
  Time since last request: 0.000217 seconds.
  path: Assets/Settings/UniversalRP-MediumQuality.asset
  artifactKey: Guid(d847b876476d3d6468f5dfcd34266f96) Importer(815301076,1909f56bfc062723c751e8b465ee728b)
Start importing Assets/Settings/UniversalRP-MediumQuality.asset using Guid(d847b876476d3d6468f5dfcd34266f96) Importer(815301076,1909f56bfc062723c751e8b465ee728b)  -> (artifact id: 'f3a0c442146730f3198d5d73ac1e884f') in 0.004524 seconds 
  Import took 0.011169 seconds .

========================================================================
Received Import Request.
  Time since last request: 0.000195 seconds.
  path: Assets/Settings/UniversalRP-HighQuality.asset
  artifactKey: Guid(19ba41d7c0026c3459d37c2fe90c55a0) Importer(815301076,1909f56bfc062723c751e8b465ee728b)
Start importing Assets/Settings/UniversalRP-HighQuality.asset using Guid(19ba41d7c0026c3459d37c2fe90c55a0) Importer(815301076,1909f56bfc062723c751e8b465ee728b)  -> (artifact id: 'ef2518e8f52e9302d4bc18894cde0fdb') in 0.005455 seconds 
  Import took 0.012531 seconds .

========================================================================
Received Import Request.
  Time since last request: 1552.636108 seconds.
  path: Assets/Sprite
  artifactKey: Guid(a5bd35351ba035444a31cd9c0dd7b6d5) Importer(815301076,1909f56bfc062723c751e8b465ee728b)
Start importing Assets/Sprite using Guid(a5bd35351ba035444a31cd9c0dd7b6d5) Importer(815301076,1909f56bfc062723c751e8b465ee728b)  -> (artifact id: '2c0dc6a7e1f20e070537f4acee60e61f') in 0.006738 seconds 
  Import took 0.014587 seconds .

========================================================================
Received Import Request.
  Time since last request: 11.592805 seconds.
  path: Assets/Sprite/SUN.png
  artifactKey: Guid(3c22a3fc79113254080c00af05fe643e) Importer(815301076,1909f56bfc062723c751e8b465ee728b)
Start importing Assets/Sprite/SUN.png using Guid(3c22a3fc79113254080c00af05fe643e) Importer(815301076,1909f56bfc062723c751e8b465ee728b)  -> (artifact id: 'b388488174a88875e957856f880eb911') in 0.082763 seconds 
  Import took 0.089228 seconds .

========================================================================
Received Import Request.
  Time since last request: 62.134694 seconds.
  path: Assets/Scenes
  artifactKey: Guid(c480a271ec1de1c42917db384b3c50a2) Importer(815301076,1909f56bfc062723c751e8b465ee728b)
Start importing Assets/Scenes using Guid(c480a271ec1de1c42917db384b3c50a2) Importer(815301076,1909f56bfc062723c751e8b465ee728b)  -> (artifact id: 'b50f5d5e2c80359c8f4e0f67c682420e') in 0.011409 seconds 
  Import took 0.021996 seconds .

========================================================================
Received Import Request.
  Time since last request: 6.506493 seconds.
  path: Assets/Sprites
  artifactKey: Guid(a5bd35351ba035444a31cd9c0dd7b6d5) Importer(815301076,1909f56bfc062723c751e8b465ee728b)
Start importing Assets/Sprites using Guid(a5bd35351ba035444a31cd9c0dd7b6d5) Importer(815301076,1909f56bfc062723c751e8b465ee728b)  -> (artifact id: '6acd3a8f4cc75ca55fa71cb21750938f') in 0.008532 seconds 
  Import took 0.015341 seconds .

========================================================================
Received Import Request.
  Time since last request: 13.626867 seconds.
  path: Assets/Sprites/SUN.png
  artifactKey: Guid(3c22a3fc79113254080c00af05fe643e) Importer(815301076,1909f56bfc062723c751e8b465ee728b)
Start importing Assets/Sprites/SUN.png using Guid(3c22a3fc79113254080c00af05fe643e) Importer(815301076,1909f56bfc062723c751e8b465ee728b)  -> (artifact id: '5b289f7da81517b6ca879a8c7575578c') in 0.061948 seconds 
  Import took 0.069596 seconds .

========================================================================
Received Import Request.
  Time since last request: 66.389949 seconds.
  path: ProjectSettings/TagManager.asset
  artifactKey: Guid(00000000000000003000000000000000) Importer(815301076,1909f56bfc062723c751e8b465ee728b)
Start importing ProjectSettings/TagManager.asset using Guid(00000000000000003000000000000000) Importer(815301076,1909f56bfc062723c751e8b465ee728b)  -> (artifact id: '9c777e5ff0b083de32feefb11f3b8693') in 0.003805 seconds 
  Import took 0.013126 seconds .

========================================================================
Received Import Request.
  Time since last request: 271.720158 seconds.
  path: Assets/Settings/CustomPostProcessData.asset
  artifactKey: Guid(98a203d08afe29545b6dcdf9c46df04f) Importer(815301076,1909f56bfc062723c751e8b465ee728b)
Start importing Assets/Settings/CustomPostProcessData.asset using Guid(98a203d08afe29545b6dcdf9c46df04f) Importer(815301076,1909f56bfc062723c751e8b465ee728b)  -> (artifact id: '89df5a32147076bf4664ef30580815ae') in 0.007990 seconds 
  Import took 0.016998 seconds .

========================================================================
Received Import Request.
  Time since last request: 71.067821 seconds.
  path: Assets/Settings/2dProfile.asset
  artifactKey: Guid(219e1ee70d0a4614bb80d020693cd885) Importer(815301076,1909f56bfc062723c751e8b465ee728b)
Start importing Assets/Settings/2dProfile.asset using Guid(219e1ee70d0a4614bb80d020693cd885) Importer(815301076,1909f56bfc062723c751e8b465ee728b)  -> (artifact id: 'a35349ad28881e78ca22d78699b96159') in 0.007973 seconds 
  Import took 0.016036 seconds .

========================================================================
Received Import Request.
  Time since last request: 9.276445 seconds.
  path: Assets/Settings/2dProfile.asset
  artifactKey: Guid(219e1ee70d0a4614bb80d020693cd885) Importer(815301076,1909f56bfc062723c751e8b465ee728b)
Start importing Assets/Settings/2dProfile.asset using Guid(219e1ee70d0a4614bb80d020693cd885) Importer(815301076,1909f56bfc062723c751e8b465ee728b)  -> (artifact id: 'ab8c377b4e982c5855900c0bf14c9467') in 0.003315 seconds 
  Import took 0.012404 seconds .

========================================================================
Received Import Request.
  Time since last request: 1201.307171 seconds.
  path: Assets/Settings/2dProfile.asset
  artifactKey: Guid(219e1ee70d0a4614bb80d020693cd885) Importer(815301076,1909f56bfc062723c751e8b465ee728b)
Start importing Assets/Settings/2dProfile.asset using Guid(219e1ee70d0a4614bb80d020693cd885) Importer(815301076,1909f56bfc062723c751e8b465ee728b)  -> (artifact id: 'c20f579a23ddb0f0f2a7cf7c13cdb85f') in 0.003686 seconds 
  Import took 0.011422 seconds .

========================================================================
Received Import Request.
  Time since last request: 0.000205 seconds.
  path: Assets/Settings/SampleSceneProfile.asset
  artifactKey: Guid(10fc4df2da32a41aaa32d77bc913491c) Importer(815301076,1909f56bfc062723c751e8b465ee728b)
Start importing Assets/Settings/SampleSceneProfile.asset using Guid(10fc4df2da32a41aaa32d77bc913491c) Importer(815301076,1909f56bfc062723c751e8b465ee728b)  -> (artifact id: '91b5bcb27621103f59b04cb84abdb43d') in 0.003286 seconds 
  Import took 0.011445 seconds .

========================================================================
Received Import Request.
  Time since last request: 10.185601 seconds.
  path: Assets/Settings/2dProfile.asset
  artifactKey: Guid(219e1ee70d0a4614bb80d020693cd885) Importer(815301076,1909f56bfc062723c751e8b465ee728b)
Start importing Assets/Settings/2dProfile.asset using Guid(219e1ee70d0a4614bb80d020693cd885) Importer(815301076,1909f56bfc062723c751e8b465ee728b)  -> (artifact id: 'c37a62aa0a3ade343d5a67328d1d361e') in 0.003202 seconds 
  Import took 0.010779 seconds .

========================================================================
Received Import Request.
  Time since last request: 17.920889 seconds.
  path: Assets/Settings/2dProfile.asset
  artifactKey: Guid(219e1ee70d0a4614bb80d020693cd885) Importer(815301076,1909f56bfc062723c751e8b465ee728b)
Start importing Assets/Settings/2dProfile.asset using Guid(219e1ee70d0a4614bb80d020693cd885) Importer(815301076,1909f56bfc062723c751e8b465ee728b)  -> (artifact id: '4cbf88c1db24e161e41a8574118d332b') in 0.008522 seconds 
  Import took 0.017370 seconds .

========================================================================
Received Import Request.
  Time since last request: 13.329645 seconds.
  path: Assets/Settings/2dProfile.asset
  artifactKey: Guid(219e1ee70d0a4614bb80d020693cd885) Importer(815301076,1909f56bfc062723c751e8b465ee728b)
Start importing Assets/Settings/2dProfile.asset using Guid(219e1ee70d0a4614bb80d020693cd885) Importer(815301076,1909f56bfc062723c751e8b465ee728b)  -> (artifact id: '136bb8be132c74f00ba606b1ef373684') in 0.003403 seconds 
  Import took 0.010997 seconds .

========================================================================
Received Import Request.
  Time since last request: 71.737282 seconds.
  path: Assets/Settings/2dProfile.asset
  artifactKey: Guid(219e1ee70d0a4614bb80d020693cd885) Importer(815301076,1909f56bfc062723c751e8b465ee728b)
Start importing Assets/Settings/2dProfile.asset using Guid(219e1ee70d0a4614bb80d020693cd885) Importer(815301076,1909f56bfc062723c751e8b465ee728b)  -> (artifact id: '01def2403d4b851e8d45ec4338ab50c2') in 0.008190 seconds 
  Import took 0.017578 seconds .

========================================================================
Received Import Request.
  Time since last request: 9.154747 seconds.
  path: Assets/Settings/2dProfile.asset
  artifactKey: Guid(219e1ee70d0a4614bb80d020693cd885) Importer(815301076,1909f56bfc062723c751e8b465ee728b)
Start importing Assets/Settings/2dProfile.asset using Guid(219e1ee70d0a4614bb80d020693cd885) Importer(815301076,1909f56bfc062723c751e8b465ee728b)  -> (artifact id: '921886d315172224226dd1dffce79727') in 0.003268 seconds 
  Import took 0.010876 seconds .

========================================================================
Received Import Request.
  Time since last request: 30.683001 seconds.
  path: Assets/Settings/2dProfile.asset
  artifactKey: Guid(219e1ee70d0a4614bb80d020693cd885) Importer(815301076,1909f56bfc062723c751e8b465ee728b)
Start importing Assets/Settings/2dProfile.asset using Guid(219e1ee70d0a4614bb80d020693cd885) Importer(815301076,1909f56bfc062723c751e8b465ee728b)  -> (artifact id: 'bc97eb5a5a3910bb1d2d5a55915cf231') in 0.004855 seconds 
  Import took 0.012539 seconds .

========================================================================
Received Import Request.
  Time since last request: 34.781523 seconds.
  path: Assets/Settings/2dProfile.asset
  artifactKey: Guid(219e1ee70d0a4614bb80d020693cd885) Importer(815301076,1909f56bfc062723c751e8b465ee728b)
Start importing Assets/Settings/2dProfile.asset using Guid(219e1ee70d0a4614bb80d020693cd885) Importer(815301076,1909f56bfc062723c751e8b465ee728b)  -> (artifact id: 'b111e4c37a0096ebedbc9dfc9501f0d8') in 0.005767 seconds 
  Import took 0.013178 seconds .

========================================================================
Received Import Request.
  Time since last request: 126.166959 seconds.
  path: Assets/Settings/2dProfile.asset
  artifactKey: Guid(219e1ee70d0a4614bb80d020693cd885) Importer(815301076,1909f56bfc062723c751e8b465ee728b)
Start importing Assets/Settings/2dProfile.asset using Guid(219e1ee70d0a4614bb80d020693cd885) Importer(815301076,1909f56bfc062723c751e8b465ee728b)  -> (artifact id: 'ac01710b09d49b8b30dccbcb396089c0') in 0.004684 seconds 
  Import took 0.012854 seconds .

========================================================================
Received Import Request.
  Time since last request: 302.591767 seconds.
  path: Assets/Settings/2dProfile.asset
  artifactKey: Guid(219e1ee70d0a4614bb80d020693cd885) Importer(815301076,1909f56bfc062723c751e8b465ee728b)
Start importing Assets/Settings/2dProfile.asset using Guid(219e1ee70d0a4614bb80d020693cd885) Importer(815301076,1909f56bfc062723c751e8b465ee728b)  -> (artifact id: '3a179bd2bd940bedff70c5ecec831014') in 0.004722 seconds 
  Import took 0.012796 seconds .

AssetImportWorkerClient::OnTransportError - code=2 error=End of file
